# JRE version: OpenJDK Runtime Environment (7.0_91-b02) (build 1.7.0_91-b02)
# Java VM: OpenJDK 64-Bit Server VM (24.91-b01 mixed mode linux-amd64 compressed oops)
Heap
 PSYoungGen      total 132096K, used 112204K [0x00000000ebd00000, 0x00000000f4f00000, 0x0000000100000000)
  eden space 122880K, 83% used [0x00000000ebd00000,0x00000000f2199cc8,0x00000000f3500000)
  from space 9216K, 99% used [0x00000000f3600000,0x00000000f3ef9708,0x00000000f3f00000)
  to   space 13312K, 0% used [0x00000000f4200000,0x00000000f4200000,0x00000000f4f00000)
 ParOldGen       total 40960K, used 16954K [0x00000000c3800000, 0x00000000c6000000, 0x00000000ebd00000)
  object space 40960K, 41% used [0x00000000c3800000,0x00000000c488e9a0,0x00000000c6000000)
 PSPermGen       total 24576K, used 24397K [0x00000000b9200000, 0x00000000baa00000, 0x00000000c3800000)
  object space 24576K, 99% used [0x00000000b9200000,0x00000000ba9d36c0,0x00000000baa00000)
GC Heap History (10 events):
Event: 3,758 GC heap before
{Heap before GC invocations=3 (full 0):
 PSYoungGen      total 34304K, used 33803K [0x00000000ebd00000, 0x00000000ee100000, 0x0000000100000000)
  eden space 31744K, 100% used [0x00000000ebd00000,0x00000000edc00000,0x00000000edc00000)
  from space 2560K, 80% used [0x00000000ede80000,0x00000000ee082db8,0x00000000ee100000)
  to   space 2560K, 0% used [0x00000000edc00000,0x00000000edc00000,0x00000000ede80000)
 ParOldGen       total 40960K, used 566K [0x00000000c3800000, 0x00000000c6000000, 0x00000000ebd00000)
  object space 40960K, 1% used [0x00000000c3800000,0x00000000c388d8e0,0x00000000c6000000)
 PSPermGen       total 21504K, used 11642K [0x00000000b9200000, 0x00000000ba700000, 0x00000000c3800000)
  object space 21504K, 54% used [0x00000000b9200000,0x00000000b9d5eb38,0x00000000ba700000)
Event: 3,765 GC heap after
Heap after GC invocations=3 (full 0):
 PSYoungGen      total 34304K, used 2544K [0x00000000ebd00000, 0x00000000f0000000, 0x0000000100000000)
  eden space 31744K, 0% used [0x00000000ebd00000,0x00000000ebd00000,0x00000000edc00000)
  from space 2560K, 99% used [0x00000000edc00000,0x00000000ede7c010,0x00000000ede80000)
  to   space 2560K, 0% used [0x00000000efd80000,0x00000000efd80000,0x00000000f0000000)
 ParOldGen       total 40960K, used 4197K [0x00000000c3800000, 0x00000000c6000000, 0x00000000ebd00000)
  object space 40960K, 10% used [0x00000000c3800000,0x00000000c3c19688,0x00000000c6000000)
 PSPermGen       total 21504K, used 11642K [0x00000000b9200000, 0x00000000ba700000, 0x00000000c3800000)
  object space 21504K, 54% used [0x00000000b9200000,0x00000000b9d5eb38,0x00000000ba700000)
}
Event: 4,615 GC heap before
{Heap before GC invocations=4 (full 0):
 PSYoungGen      total 34304K, used 34288K [0x00000000ebd00000, 0x00000000f0000000, 0x0000000100000000)
  eden space 31744K, 100% used [0x00000000ebd00000,0x00000000edc00000,0x00000000edc00000)
  from space 2560K, 99% used [0x00000000edc00000,0x00000000ede7c010,0x00000000ede80000)
  to   space 2560K, 0% used [0x00000000efd80000,0x00000000efd80000,0x00000000f0000000)
 ParOldGen       total 40960K, used 4197K [0x00000000c3800000, 0x00000000c6000000, 0x00000000ebd00000)
  object space 40960K, 10% used [0x00000000c3800000,0x00000000c3c19688,0x00000000c6000000)
 PSPermGen       total 21504K, used 14670K [0x00000000b9200000, 0x00000000ba700000, 0x00000000c3800000)
  object space 21504K, 68% used [0x00000000b9200000,0x00000000ba0539c8,0x00000000ba700000)
Event: 4,624 GC heap after
Heap after GC invocations=4 (full 0):
 PSYoungGen      total 66048K, used 2544K [0x00000000ebd00000, 0x00000000f0000000, 0x0000000100000000)
  eden space 63488K, 0% used [0x00000000ebd00000,0x00000000ebd00000,0x00000000efb00000)
  from space 2560K, 99% used [0x00000000efd80000,0x00000000efffc010,0x00000000f0000000)
  to   space 2560K, 0% used [0x00000000efb00000,0x00000000efb00000,0x00000000efd80000)
 ParOldGen       total 40960K, used 6933K [0x00000000c3800000, 0x00000000c6000000, 0x00000000ebd00000)
  object space 40960K, 16% used [0x00000000c3800000,0x00000000c3ec5640,0x00000000c6000000)
 PSPermGen       total 21504K, used 14670K [0x00000000b9200000, 0x00000000ba700000, 0x00000000c3800000)
  object space 21504K, 68% used [0x00000000b9200000,0x00000000ba0539c8,0x00000000ba700000)
}
Event: 7,128 GC heap before
{Heap before GC invocations=5 (full 0):
 PSYoungGen      total 66048K, used 66032K [0x00000000ebd00000, 0x00000000f0000000, 0x0000000100000000)
  eden space 63488K, 100% used [0x00000000ebd00000,0x00000000efb00000,0x00000000efb00000)
  from space 2560K, 99% used [0x00000000efd80000,0x00000000efffc010,0x00000000f0000000)
  to   space 2560K, 0% used [0x00000000efb00000,0x00000000efb00000,0x00000000efd80000)
 ParOldGen       total 40960K, used 6933K [0x00000000c3800000, 0x00000000c6000000, 0x00000000ebd00000)
  object space 40960K, 16% used [0x00000000c3800000,0x00000000c3ec5640,0x00000000c6000000)
 PSPermGen       total 21504K, used 16971K [0x00000000b9200000, 0x00000000ba700000, 0x00000000c3800000)
  object space 21504K, 78% used [0x00000000b9200000,0x00000000ba292d10,0x00000000ba700000)
Event: 7,142 GC heap after
Heap after GC invocations=5 (full 0):
 PSYoungGen      total 66048K, used 2560K [0x00000000ebd00000, 0x00000000f4b00000, 0x0000000100000000)
  eden space 63488K, 0% used [0x00000000ebd00000,0x00000000ebd00000,0x00000000efb00000)
  from space 2560K, 100% used [0x00000000efb00000,0x00000000efd80000,0x00000000efd80000)
  to   space 9216K, 0% used [0x00000000f4200000,0x00000000f4200000,0x00000000f4b00000)
 ParOldGen       total 40960K, used 11853K [0x00000000c3800000, 0x00000000c6000000, 0x00000000ebd00000)
  object space 40960K, 28% used [0x00000000c3800000,0x00000000c4393700,0x00000000c6000000)
 PSPermGen       total 21504K, used 16971K [0x00000000b9200000, 0x00000000ba700000, 0x00000000c3800000)
  object space 21504K, 78% used [0x00000000b9200000,0x00000000ba292d10,0x00000000ba700000)
}
Event: 8,918 GC heap before
{Heap before GC invocations=6 (full 0):
 PSYoungGen      total 66048K, used 66048K [0x00000000ebd00000, 0x00000000f4b00000, 0x0000000100000000)
  eden space 63488K, 100% used [0x00000000ebd00000,0x00000000efb00000,0x00000000efb00000)
  from space 2560K, 100% used [0x00000000efb00000,0x00000000efd80000,0x00000000efd80000)
  to   space 9216K, 0% used [0x00000000f4200000,0x00000000f4200000,0x00000000f4b00000)
 ParOldGen       total 40960K, used 11853K [0x00000000c3800000, 0x00000000c6000000, 0x00000000ebd00000)
  object space 40960K, 28% used [0x00000000c3800000,0x00000000c4393700,0x00000000c6000000)
 PSPermGen       total 21504K, used 17683K [0x00000000b9200000, 0x00000000ba700000, 0x00000000c3800000)
  object space 21504K, 82% used [0x00000000b9200000,0x00000000ba344dd0,0x00000000ba700000)
Event: 8,935 GC heap after
Heap after GC invocations=6 (full 0):
 PSYoungGen      total 67584K, used 6106K [0x00000000ebd00000, 0x00000000f4800000, 0x0000000100000000)
  eden space 61440K, 0% used [0x00000000ebd00000,0x00000000ebd00000,0x00000000ef900000)
  from space 6144K, 99% used [0x00000000f4200000,0x00000000f47f69b8,0x00000000f4800000)
  to   space 9216K, 0% used [0x00000000f3600000,0x00000000f3600000,0x00000000f3f00000)
 ParOldGen       total 40960K, used 11861K [0x00000000c3800000, 0x00000000c6000000, 0x00000000ebd00000)
  object space 40960K, 28% used [0x00000000c3800000,0x00000000c4395700,0x00000000c6000000)
 PSPermGen       total 21504K, used 17683K [0x00000000b9200000, 0x00000000ba700000, 0x00000000c3800000)
  object space 21504K, 82% used [0x00000000b9200000,0x00000000ba344dd0,0x00000000ba700000)
}
Event: 11,020 GC heap before
{Heap before GC invocations=7 (full 0):
 PSYoungGen      total 67584K, used 67546K [0x00000000ebd00000, 0x00000000f4800000, 0x0000000100000000)
  eden space 61440K, 100% used [0x00000000ebd00000,0x00000000ef900000,0x00000000ef900000)
  from space 6144K, 99% used [0x00000000f4200000,0x00000000f47f69b8,0x00000000f4800000)
  to   space 9216K, 0% used [0x00000000f3600000,0x00000000f3600000,0x00000000f3f00000)
 ParOldGen       total 40960K, used 11861K [0x00000000c3800000, 0x00000000c6000000, 0x00000000ebd00000)
  object space 40960K, 28% used [0x00000000c3800000,0x00000000c4395700,0x00000000c6000000)
 PSPermGen       total 23040K, used 22563K [0x00000000b9200000, 0x00000000ba880000, 0x00000000c3800000)
  object space 23040K, 97% used [0x00000000b9200000,0x00000000ba808e08,0x00000000ba880000)
Event: 11,046 GC heap after
Heap after GC invocations=7 (full 0):
 PSYoungGen      total 132096K, used 9189K [0x00000000ebd00000, 0x00000000f4f00000, 0x0000000100000000)
  eden space 122880K, 0% used [0x00000000ebd00000,0x00000000ebd00000,0x00000000f3500000)
  from space 9216K, 99% used [0x00000000f3600000,0x00000000f3ef9708,0x00000000f3f00000)
  to   space 13312K, 0% used [0x00000000f4200000,0x00000000f4200000,0x00000000f4f00000)
 ParOldGen       total 40960K, used 16954K [0x00000000c3800000, 0x00000000c6000000, 0x00000000ebd00000)
  object space 40960K, 41% used [0x00000000c3800000,0x00000000c488e9a0,0x00000000c6000000)
 PSPermGen       total 23040K, used 22563K [0x00000000b9200000, 0x00000000ba880000, 0x00000000c3800000)
  object space 23040K, 97% used [0x00000000b9200000,0x00000000ba808e08,0x00000000ba880000)
}

